<?xml version="1.0" encoding="UTF-8" ?>
<testsuite tests="88" failures="0" name="cs.lab1.MainTest" time="1.931" errors="0" skipped="0">
  <properties>
    <property name="java.runtime.name" value="OpenJDK Runtime Environment"/>
    <property name="java.vm.version" value="16.0.2+0"/>
    <property name="sun.boot.library.path" value="/usr/local/Cellar/openjdk/16.0.2/libexec/openjdk.jdk/Contents/Home/lib"/>
    <property name="maven.multiModuleProjectDirectory" value="/Users/david/IdeaProjects/lab01-recordando-poo-vid58/Laboratorio1"/>
    <property name="java.vm.vendor" value="Homebrew"/>
    <property name="java.vendor.url" value="https://github.com/Homebrew/homebrew-core/issues"/>
    <property name="guice.disable.misplaced.annotation.check" value="true"/>
    <property name="path.separator" value=":"/>
    <property name="java.vm.name" value="OpenJDK 64-Bit Server VM"/>
    <property name="user.country" value="419"/>
    <property name="sun.java.launcher" value="SUN_STANDARD"/>
    <property name="java.vm.specification.name" value="Java Virtual Machine Specification"/>
    <property name="user.dir" value="/Users/david/IdeaProjects/lab01-recordando-poo-vid58/Laboratorio1"/>
    <property name="java.vm.compressedOopsMode" value="Zero based"/>
    <property name="java.runtime.version" value="16.0.2+0"/>
    <property name="os.arch" value="x86_64"/>
    <property name="java.io.tmpdir" value="/var/folders/bh/yj7ys24x16n830pl6812dlx40000gn/T/"/>
    <property name="line.separator" value="
"/>
    <property name="java.vm.specification.vendor" value="Oracle Corporation"/>
    <property name="os.name" value="Mac OS X"/>
    <property name="classworlds.conf" value="/usr/local/Cellar/maven/3.8.2/libexec/bin/m2.conf"/>
    <property name="sun.jnu.encoding" value="UTF-8"/>
    <property name="java.library.path" value="/Users/david/Library/Java/Extensions:/Library/Java/Extensions:/Network/Library/Java/Extensions:/System/Library/Java/Extensions:/usr/lib/java:."/>
    <property name="maven.conf" value="/usr/local/Cellar/maven/3.8.2/libexec/conf"/>
    <property name="jdk.debug" value="release"/>
    <property name="java.class.version" value="60.0"/>
    <property name="java.specification.name" value="Java Platform API Specification"/>
    <property name="sun.management.compiler" value="HotSpot 64-Bit Tiered Compilers"/>
    <property name="os.version" value="11.2.1"/>
    <property name="http.nonProxyHosts" value="local|*.local|169.254/16|*.169.254/16"/>
    <property name="user.home" value="/Users/david"/>
    <property name="user.timezone" value="America/Lima"/>
    <property name="file.encoding" value="US-ASCII"/>
    <property name="java.specification.version" value="16"/>
    <property name="sonar.projectKey" value="UG-Software-Engineering-I-2021-2_lab01-recordando-poo-vid58"/>
    <property name="user.name" value="david"/>
    <property name="java.class.path" value="/usr/local/Cellar/maven/3.8.2/libexec/boot/plexus-classworlds-2.6.0.jar"/>
    <property name="java.vm.specification.version" value="16"/>
    <property name="sun.arch.data.model" value="64"/>
    <property name="sun.java.command" value="org.codehaus.plexus.classworlds.launcher.Launcher verify org.sonarsource.scanner.maven:sonar-maven-plugin:sonar -Dsonar.projectKey=UG-Software-Engineering-I-2021-2_lab01-recordando-poo-vid58"/>
    <property name="java.home" value="/usr/local/Cellar/openjdk/16.0.2/libexec/openjdk.jdk/Contents/Home"/>
    <property name="user.language" value="es"/>
    <property name="java.specification.vendor" value="Oracle Corporation"/>
    <property name="java.vm.info" value="mixed mode, sharing"/>
    <property name="java.version" value="16.0.2"/>
    <property name="java.vendor" value="Homebrew"/>
    <property name="maven.home" value="/usr/local/Cellar/maven/3.8.2/libexec"/>
    <property name="file.separator" value="/"/>
    <property name="java.version.date" value="2021-07-20"/>
    <property name="java.vendor.url.bug" value="https://github.com/Homebrew/homebrew-core/issues"/>
    <property name="sun.io.unicode.encoding" value="UnicodeBig"/>
    <property name="sun.cpu.endian" value="little"/>
    <property name="java.vendor.version" value="Homebrew"/>
    <property name="socksNonProxyHosts" value="local|*.local|169.254/16|*.169.254/16"/>
    <property name="ftp.nonProxyHosts" value="local|*.local|169.254/16|*.169.254/16"/>
  </properties>
  <testcase classname="cs.lab1.MainTest" name="testCamion" time="0.022"/>
  <testcase classname="cs.lab1.MainTest" name="testCamion" time="0.022"/>
  <testcase classname="cs.lab1.MainTest" name="testCamion" time="0.022"/>
  <testcase classname="cs.lab1.MainTest" name="testCamion" time="0.022"/>
  <testcase classname="cs.lab1.MainTest" name="testCamion" time="0.022"/>
  <testcase classname="cs.lab1.MainTest" name="testCamion" time="0.022"/>
  <testcase classname="cs.lab1.MainTest" name="testCamion" time="0.022"/>
  <testcase classname="cs.lab1.MainTest" name="testCamion" time="0.022"/>
  <testcase classname="cs.lab1.MainTest" name="testCamion" time="0.022"/>
  <testcase classname="cs.lab1.MainTest" name="testCamion" time="0.023"/>
  <testcase classname="cs.lab1.MainTest" name="testCamion" time="0.023"/>
  <testcase classname="cs.lab1.MainTest" name="testCamion" time="0.023"/>
  <testcase classname="cs.lab1.MainTest" name="testCamion" time="0.023"/>
  <testcase classname="cs.lab1.MainTest" name="testCamion" time="0.023"/>
  <testcase classname="cs.lab1.MainTest" name="testCamion" time="0.023"/>
  <testcase classname="cs.lab1.MainTest" name="testCamion" time="0.023"/>
  <testcase classname="cs.lab1.MainTest" name="testCamion" time="0.023"/>
  <testcase classname="cs.lab1.MainTest" name="testCamion" time="0.023"/>
  <testcase classname="cs.lab1.MainTest" name="testCamion" time="0.023"/>
  <testcase classname="cs.lab1.MainTest" name="testCamion" time="0.023"/>
  <testcase classname="cs.lab1.MainTest" name="testCamion" time="0.023"/>
  <testcase classname="cs.lab1.MainTest" name="testCamion" time="0.023"/>
  <testcase classname="cs.lab1.MainTest" name="testCamion" time="0.023"/>
  <testcase classname="cs.lab1.MainTest" name="testCamion" time="0.023"/>
  <testcase classname="cs.lab1.MainTest" name="testCamion" time="0.023"/>
  <testcase classname="cs.lab1.MainTest" name="testCamion" time="0.023"/>
  <testcase classname="cs.lab1.MainTest" name="testCamion" time="0.023"/>
  <testcase classname="cs.lab1.MainTest" name="testCamion" time="0.023"/>
  <testcase classname="cs.lab1.MainTest" name="testCamion" time="0.023"/>
  <testcase classname="cs.lab1.MainTest" name="testCamion" time="0.024"/>
  <testcase classname="cs.lab1.MainTest" name="testCamion" time="0.024"/>
  <testcase classname="cs.lab1.MainTest" name="testCamion" time="0.024"/>
  <testcase classname="cs.lab1.MainTest" name="testCamion" time="0.024"/>
  <testcase classname="cs.lab1.MainTest" name="testCamion" time="0.024"/>
  <testcase classname="cs.lab1.MainTest" name="testCamion" time="0.024"/>
  <testcase classname="cs.lab1.MainTest" name="testCamion" time="0.024"/>
  <testcase classname="cs.lab1.MainTest" name="testCamion" time="0.024"/>
  <testcase classname="cs.lab1.MainTest" name="testCamion" time="0.024"/>
  <testcase classname="cs.lab1.MainTest" name="testCamion" time="0.024"/>
  <testcase classname="cs.lab1.MainTest" name="testCamion" time="0.024"/>
  <testcase classname="cs.lab1.MainTest" name="testCamion" time="0.024"/>
  <testcase classname="cs.lab1.MainTest" name="testCamion" time="0.024"/>
  <testcase classname="cs.lab1.MainTest" name="testCamion" time="0.024"/>
  <testcase classname="cs.lab1.MainTest" name="testCamion" time="0.024"/>
  <testcase classname="cs.lab1.MainTest" name="testCamion" time="0.024"/>
  <testcase classname="cs.lab1.MainTest" name="testCamion" time="0.024"/>
  <testcase classname="cs.lab1.MainTest" name="testCamion" time="0.024"/>
  <testcase classname="cs.lab1.MainTest" name="testCamion" time="0.024"/>
  <testcase classname="cs.lab1.MainTest" name="testCamion" time="0.024"/>
  <testcase classname="cs.lab1.MainTest" name="testCamion" time="0.025"/>
  <testcase classname="cs.lab1.MainTest" name="testCamion" time="0.025"/>
  <testcase classname="cs.lab1.MainTest" name="testCamion" time="0.025"/>
  <testcase classname="cs.lab1.MainTest" name="testCamion" time="0.025"/>
  <testcase classname="cs.lab1.MainTest" name="testCamion" time="0.025"/>
  <testcase classname="cs.lab1.MainTest" name="testCamion" time="0.025"/>
  <testcase classname="cs.lab1.MainTest" name="testCamion" time="0.025"/>
  <testcase classname="cs.lab1.MainTest" name="testCamion" time="0.025"/>
  <testcase classname="cs.lab1.MainTest" name="testCamion" time="0.025"/>
  <testcase classname="cs.lab1.MainTest" name="testCamion" time="0.025"/>
  <testcase classname="cs.lab1.MainTest" name="testCamion" time="0.025"/>
  <testcase classname="cs.lab1.MainTest" name="testCamion" time="0.025"/>
  <testcase classname="cs.lab1.MainTest" name="testCamion" time="0.025"/>
  <testcase classname="cs.lab1.MainTest" name="testCamion" time="0.025"/>
  <testcase classname="cs.lab1.MainTest" name="testCamion" time="0.025"/>
  <testcase classname="cs.lab1.MainTest" name="testCamion" time="0.025"/>
  <testcase classname="cs.lab1.MainTest" name="testCamion" time="0.025"/>
  <testcase classname="cs.lab1.MainTest" name="testCamion" time="0.026"/>
  <testcase classname="cs.lab1.MainTest" name="testCamion" time="0.026"/>
  <testcase classname="cs.lab1.MainTest" name="testCamion" time="0.026"/>
  <testcase classname="cs.lab1.MainTest" name="testCamion" time="0.026"/>
  <testcase classname="cs.lab1.MainTest" name="testCamion" time="0.026"/>
  <testcase classname="cs.lab1.MainTest" name="testCamion" time="0.026"/>
  <testcase classname="cs.lab1.MainTest" name="testCamion" time="0.026"/>
  <testcase classname="cs.lab1.MainTest" name="testCamion" time="0.026"/>
  <testcase classname="cs.lab1.MainTest" name="testCamion" time="0.026"/>
  <testcase classname="cs.lab1.MainTest" name="testCamion" time="0.026"/>
  <testcase classname="cs.lab1.MainTest" name="testCamion" time="0.026"/>
  <testcase classname="cs.lab1.MainTest" name="testCamion" time="0.026"/>
  <testcase classname="cs.lab1.MainTest" name="testCamion" time="0.026"/>
  <testcase classname="cs.lab1.MainTest" name="testCamion" time="0.026"/>
  <testcase classname="cs.lab1.MainTest" name="test_A01" time="0.001"/>
  <testcase classname="cs.lab1.MainTest" name="test_A02" time="0"/>
  <testcase classname="cs.lab1.MainTest" name="test_A03" time="0.001"/>
  <testcase classname="cs.lab1.MainTest" name="test_A04" time="0.001"/>
  <testcase classname="cs.lab1.MainTest" name="test_C01" time="0"/>
  <testcase classname="cs.lab1.MainTest" name="test_C02" time="0.001"/>
  <testcase classname="cs.lab1.MainTest" name="test_C03" time="0"/>
  <testcase classname="cs.lab1.MainTest" name="test_C04" time="0"/>
</testsuite>