<?xml version="1.0" encoding="UTF-8"?>
<!-- Generated by org.testng.reporters.JUnitReportReporter -->
<testsuite hostname="MacBook-Pro-de-David.local" failures="0" tests="88" name="cs.lab1.MainTest" time="2.141" errors="0" timestamp="2021-09-11T15:27:16 PET" skipped="0">
  <testcase classname="cs.lab1.MainTest" name="testCamion" time="0.026"/>
  <system-out/>
  <testcase classname="cs.lab1.MainTest" name="testCamion" time="0.026"/>
  <system-out/>
  <testcase classname="cs.lab1.MainTest" name="testCamion" time="0.025"/>
  <system-out/>
  <testcase classname="cs.lab1.MainTest" name="testCamion" time="0.025"/>
  <system-out/>
  <testcase classname="cs.lab1.MainTest" name="testCamion" time="0.025"/>
  <system-out/>
  <testcase classname="cs.lab1.MainTest" name="test_C02" time="0.001"/>
  <system-out/>
  <testcase classname="cs.lab1.MainTest" name="testCamion" time="0.028"/>
  <system-out/>
  <testcase classname="cs.lab1.MainTest" name="test_A02" time="0.000"/>
  <system-out/>
  <testcase classname="cs.lab1.MainTest" name="testCamion" time="0.028"/>
  <system-out/>
  <testcase classname="cs.lab1.MainTest" name="testCamion" time="0.026"/>
  <system-out/>
  <testcase classname="cs.lab1.MainTest" name="testCamion" time="0.026"/>
  <system-out/>
  <testcase classname="cs.lab1.MainTest" name="testCamion" time="0.028"/>
  <system-out/>
  <testcase classname="cs.lab1.MainTest" name="test_A01" time="0.001"/>
  <system-out/>
  <testcase classname="cs.lab1.MainTest" name="testCamion" time="0.026"/>
  <system-out/>
  <testcase classname="cs.lab1.MainTest" name="testCamion" time="0.029"/>
  <system-out/>
  <testcase classname="cs.lab1.MainTest" name="testCamion" time="0.028"/>
  <system-out/>
  <testcase classname="cs.lab1.MainTest" name="testCamion" time="0.026"/>
  <system-out/>
  <testcase classname="cs.lab1.MainTest" name="testCamion" time="0.028"/>
  <system-out/>
  <testcase classname="cs.lab1.MainTest" name="testCamion" time="0.026"/>
  <system-out/>
  <testcase classname="cs.lab1.MainTest" name="testCamion" time="0.026"/>
  <system-out/>
  <testcase classname="cs.lab1.MainTest" name="testCamion" time="0.027"/>
  <system-out/>
  <testcase classname="cs.lab1.MainTest" name="testCamion" time="0.028"/>
  <system-out/>
  <testcase classname="cs.lab1.MainTest" name="testCamion" time="0.028"/>
  <system-out/>
  <testcase classname="cs.lab1.MainTest" name="testCamion" time="0.026"/>
  <system-out/>
  <testcase classname="cs.lab1.MainTest" name="testCamion" time="0.027"/>
  <system-out/>
  <testcase classname="cs.lab1.MainTest" name="testCamion" time="0.026"/>
  <system-out/>
  <testcase classname="cs.lab1.MainTest" name="testCamion" time="0.027"/>
  <system-out/>
  <testcase classname="cs.lab1.MainTest" name="testCamion" time="0.025"/>
  <system-out/>
  <testcase classname="cs.lab1.MainTest" name="testCamion" time="0.026"/>
  <system-out/>
  <testcase classname="cs.lab1.MainTest" name="testCamion" time="0.028"/>
  <system-out/>
  <testcase classname="cs.lab1.MainTest" name="testCamion" time="0.028"/>
  <system-out/>
  <testcase classname="cs.lab1.MainTest" name="testCamion" time="0.026"/>
  <system-out/>
  <testcase classname="cs.lab1.MainTest" name="testCamion" time="0.027"/>
  <system-out/>
  <testcase classname="cs.lab1.MainTest" name="testCamion" time="0.026"/>
  <system-out/>
  <testcase classname="cs.lab1.MainTest" name="testCamion" time="0.026"/>
  <system-out/>
  <testcase classname="cs.lab1.MainTest" name="testCamion" time="0.025"/>
  <system-out/>
  <testcase classname="cs.lab1.MainTest" name="testCamion" time="0.026"/>
  <system-out/>
  <testcase classname="cs.lab1.MainTest" name="testCamion" time="0.026"/>
  <system-out/>
  <testcase classname="cs.lab1.MainTest" name="testCamion" time="0.028"/>
  <system-out/>
  <testcase classname="cs.lab1.MainTest" name="testCamion" time="0.026"/>
  <system-out/>
  <testcase classname="cs.lab1.MainTest" name="testCamion" time="0.025"/>
  <system-out/>
  <testcase classname="cs.lab1.MainTest" name="testCamion" time="0.027"/>
  <system-out/>
  <testcase classname="cs.lab1.MainTest" name="testCamion" time="0.026"/>
  <system-out/>
  <testcase classname="cs.lab1.MainTest" name="testCamion" time="0.027"/>
  <system-out/>
  <testcase classname="cs.lab1.MainTest" name="test_C01" time="0.000"/>
  <system-out/>
  <testcase classname="cs.lab1.MainTest" name="testCamion" time="0.026"/>
  <system-out/>
  <testcase classname="cs.lab1.MainTest" name="testCamion" time="0.028"/>
  <system-out/>
  <testcase classname="cs.lab1.MainTest" name="testCamion" time="0.028"/>
  <system-out/>
  <testcase classname="cs.lab1.MainTest" name="test_C04" time="0.001"/>
  <system-out/>
  <testcase classname="cs.lab1.MainTest" name="testCamion" time="0.029"/>
  <system-out/>
  <testcase classname="cs.lab1.MainTest" name="testCamion" time="0.026"/>
  <system-out/>
  <testcase classname="cs.lab1.MainTest" name="testCamion" time="0.026"/>
  <system-out/>
  <testcase classname="cs.lab1.MainTest" name="testCamion" time="0.025"/>
  <system-out/>
  <testcase classname="cs.lab1.MainTest" name="testCamion" time="0.028"/>
  <system-out/>
  <testcase classname="cs.lab1.MainTest" name="testCamion" time="0.026"/>
  <system-out/>
  <testcase classname="cs.lab1.MainTest" name="testCamion" time="0.028"/>
  <system-out/>
  <testcase classname="cs.lab1.MainTest" name="testCamion" time="0.025"/>
  <system-out/>
  <testcase classname="cs.lab1.MainTest" name="testCamion" time="0.028"/>
  <system-out/>
  <testcase classname="cs.lab1.MainTest" name="test_C03" time="0.000"/>
  <system-out/>
  <testcase classname="cs.lab1.MainTest" name="testCamion" time="0.025"/>
  <system-out/>
  <testcase classname="cs.lab1.MainTest" name="testCamion" time="0.026"/>
  <system-out/>
  <testcase classname="cs.lab1.MainTest" name="testCamion" time="0.028"/>
  <system-out/>
  <testcase classname="cs.lab1.MainTest" name="testCamion" time="0.026"/>
  <system-out/>
  <testcase classname="cs.lab1.MainTest" name="testCamion" time="0.028"/>
  <system-out/>
  <testcase classname="cs.lab1.MainTest" name="testCamion" time="0.028"/>
  <system-out/>
  <testcase classname="cs.lab1.MainTest" name="testCamion" time="0.028"/>
  <system-out/>
  <testcase classname="cs.lab1.MainTest" name="testCamion" time="0.025"/>
  <system-out/>
  <testcase classname="cs.lab1.MainTest" name="testCamion" time="0.028"/>
  <system-out/>
  <testcase classname="cs.lab1.MainTest" name="testCamion" time="0.025"/>
  <system-out/>
  <testcase classname="cs.lab1.MainTest" name="test_A04" time="0.000"/>
  <system-out/>
  <testcase classname="cs.lab1.MainTest" name="testCamion" time="0.029"/>
  <system-out/>
  <testcase classname="cs.lab1.MainTest" name="testCamion" time="0.026"/>
  <system-out/>
  <testcase classname="cs.lab1.MainTest" name="testCamion" time="0.028"/>
  <system-out/>
  <testcase classname="cs.lab1.MainTest" name="testCamion" time="0.027"/>
  <system-out/>
  <testcase classname="cs.lab1.MainTest" name="testCamion" time="0.028"/>
  <system-out/>
  <testcase classname="cs.lab1.MainTest" name="testCamion" time="0.026"/>
  <system-out/>
  <testcase classname="cs.lab1.MainTest" name="testCamion" time="0.028"/>
  <system-out/>
  <testcase classname="cs.lab1.MainTest" name="testCamion" time="0.027"/>
  <system-out/>
  <testcase classname="cs.lab1.MainTest" name="testCamion" time="0.028"/>
  <system-out/>
  <testcase classname="cs.lab1.MainTest" name="testCamion" time="0.026"/>
  <system-out/>
  <testcase classname="cs.lab1.MainTest" name="testCamion" time="0.026"/>
  <system-out/>
  <testcase classname="cs.lab1.MainTest" name="testCamion" time="0.028"/>
  <system-out/>
  <testcase classname="cs.lab1.MainTest" name="test_A03" time="0.001"/>
  <system-out/>
  <testcase classname="cs.lab1.MainTest" name="testCamion" time="0.028"/>
  <system-out/>
  <testcase classname="cs.lab1.MainTest" name="testCamion" time="0.027"/>
  <system-out/>
  <testcase classname="cs.lab1.MainTest" name="testCamion" time="0.025"/>
  <system-out/>
  <testcase classname="cs.lab1.MainTest" name="testCamion" time="0.025"/>
  <system-out/>
  <testcase classname="cs.lab1.MainTest" name="testCamion" time="0.026"/>
  <system-out/>
</testsuite> <!-- cs.lab1.MainTest -->
